<?xml version="1.0" encoding="UTF-8"?>
<!-- Generated by org.testng.reporters.JUnitReportReporter -->
<testsuite hostname="NavyaShreeR" name="com.accenture.skill.test.TestAccenture01" tests="9" failures="0" timestamp="6 May 2018 16:34:03 GMT" time="135.538" errors="0">
  <testcase name="launchURL" time="56.812" classname="com.accenture.skill.test.TestAccenture01"/>
  <testcase name="verifyTopHomes" time="10.558" classname="com.accenture.skill.test.TestAccenture01"/>
  <testcase name="setLowerPrice" time="13.049" classname="com.accenture.skill.test.TestAccenture01"/>
  <testcase name="searchBox" time="23.006" classname="com.accenture.skill.test.TestAccenture01"/>
  <testcase name="clickPrice" time="6.947" classname="com.accenture.skill.test.TestAccenture01"/>
  <testcase name="clickMoreFilters" time="4.799" classname="com.accenture.skill.test.TestAccenture01"/>
  <testcase name="showHomes" time="0.271" classname="com.accenture.skill.test.TestAccenture01"/>
  <testcase name="kitchenCheckbox" time="3.721" classname="com.accenture.skill.test.TestAccenture01"/>
  <testcase name="selectHome" time="16.375" classname="com.accenture.skill.test.TestAccenture01"/>
</testsuite> <!-- com.accenture.skill.test.TestAccenture01 -->
