<?xml version="1.0" encoding="UTF-8"?>
<!-- Generated by org.testng.reporters.JUnitReportReporter -->
<testsuite hostname="NavyaShreeR" name="com.accenture.skill.test.TestAccenture01" tests="9" failures="0" timestamp="6 May 2018 16:53:57 GMT" time="148.414" errors="0">
  <testcase name="clickMoreFilters" time="4.870" classname="com.accenture.skill.test.TestAccenture01"/>
  <testcase name="showHomes" time="0.956" classname="com.accenture.skill.test.TestAccenture01"/>
  <testcase name="searchBox" time="24.914" classname="com.accenture.skill.test.TestAccenture01"/>
  <testcase name="clickPrice" time="11.486" classname="com.accenture.skill.test.TestAccenture01"/>
  <testcase name="selectHome" time="6.145" classname="com.accenture.skill.test.TestAccenture01"/>
  <testcase name="kitchenCheckbox" time="3.871" classname="com.accenture.skill.test.TestAccenture01"/>
  <testcase name="setLowerPrice" time="10.572" classname="com.accenture.skill.test.TestAccenture01"/>
  <testcase name="verifyTopHomes" time="10.634" classname="com.accenture.skill.test.TestAccenture01"/>
  <testcase name="launchURL" time="74.966" classname="com.accenture.skill.test.TestAccenture01"/>
</testsuite> <!-- com.accenture.skill.test.TestAccenture01 -->
